[    0.000000] Initializing cgroup subsys cpuset
[    0.000000] Initializing cgroup subsys cpu
[    0.000000] Initializing cgroup subsys cpuacct
[    0.000000] Linux version 4.4.0-138-generic (buildd@lcy01-amd64-006) (gcc version 5.4.0 20160609 (Ubuntu 5.4.0-6ubuntu1~16.04.10) ) #164-Ubuntu SMP Tue Oct 2 17:16:02 UTC 2018 (Ubuntu 4.4.0-138.164-generic 4.4.155)
[    0.000000] Command line: BOOT_IMAGE=/boot/vmlinuz-4.4.0-138-generic root=LABEL=cloudimg-rootfs ro console=tty1 console=ttyS0
[    0.000000] KERNEL supported cpus:
[    0.000000]   Intel GenuineIntel
[    0.000000]   AMD AuthenticAMD
[    0.000000]   Centaur CentaurHauls
[    0.000000] x86/fpu: xstate_offset[2]:  576, xstate_sizes[2]:  256
[    0.000000] x86/fpu: Supporting XSAVE feature 0x01: 'x87 floating point registers'
[    0.000000] x86/fpu: Supporting XSAVE feature 0x02: 'SSE registers'
[    0.000000] x86/fpu: Supporting XSAVE feature 0x04: 'AVX registers'
[    0.000000] x86/fpu: Enabled xstate features 0x7, context size is 832 bytes, using 'standard' format.
[    0.000000] e820: BIOS-provided physical RAM map:
[    0.000000] BIOS-e820: [mem 0x0000000000000000-0x000000000009fbff] usable
[    0.000000] BIOS-e820: [mem 0x000000000009fc00-0x000000000009ffff] reserved
[    0.000000] BIOS-e820: [mem 0x00000000000f0000-0x00000000000fffff] reserved
[    0.000000] BIOS-e820: [mem 0x0000000000100000-0x00000000dffeffff] usable
[    0.000000] BIOS-e820: [mem 0x00000000dfff0000-0x00000000dfffffff] ACPI data
[    0.000000] BIOS-e820: [mem 0x00000000fec00000-0x00000000fec00fff] reserved
[    0.000000] BIOS-e820: [mem 0x00000000fee00000-0x00000000fee00fff] reserved
[    0.000000] BIOS-e820: [mem 0x00000000fffc0000-0x00000000ffffffff] reserved
[    0.000000] BIOS-e820: [mem 0x0000000100000000-0x000000011fffffff] usable
[    0.000000] NX (Execute Disable) protection: active
[    0.000000] SMBIOS 2.5 present.
[    0.000000] Hypervisor detected: KVM
[    0.000000] e820: last_pfn = 0x120000 max_arch_pfn = 0x400000000
[    0.000000] MTRR: Disabled
[    0.000000] x86/PAT: MTRRs disabled, skipping PAT initialization too.
[    0.000000] CPU MTRRs all blank - virtualized system.
[    0.000000] x86/PAT: Configuration [0-7]: WB  WT  UC- UC  WB  WT  UC- UC  
[    0.000000] e820: last_pfn = 0xdfff0 max_arch_pfn = 0x400000000
[    0.000000] found SMP MP-table at [mem 0x0009fff0-0x0009ffff] mapped at [ffff88000009fff0]
[    0.000000] Scanning 1 areas for low memory corruption
[    0.000000] RAMDISK: [mem 0x36308000-0x3717bfff]
[    0.000000] ACPI: Early table checksum verification disabled
[    0.000000] ACPI: RSDP 0x00000000000E0000 000024 (v02 VBOX  )
[    0.000000] ACPI: XSDT 0x00000000DFFF0030 00003C (v01 VBOX   VBOXXSDT 00000001 ASL  00000061)
[    0.000000] ACPI: FACP 0x00000000DFFF00F0 0000F4 (v04 VBOX   VBOXFACP 00000001 ASL  00000061)
[    0.000000] ACPI: DSDT 0x00000000DFFF0480 0021FF (v02 VBOX   VBOXBIOS 00000002 INTL 20180105)
[    0.000000] ACPI: FACS 0x00000000DFFF0200 000040
[    0.000000] ACPI: FACS 0x00000000DFFF0200 000040
[    0.000000] ACPI: APIC 0x00000000DFFF0240 00006C (v02 VBOX   VBOXAPIC 00000001 ASL  00000061)
[    0.000000] ACPI: SSDT 0x00000000DFFF02B0 0001CC (v01 VBOX   VBOXCPUT 00000002 INTL 20180105)
[    0.000000] No NUMA configuration found
[    0.000000] Faking a node at [mem 0x0000000000000000-0x000000011fffffff]
[    0.000000] NODE_DATA(0) allocated [mem 0x11fff7000-0x11fffbfff]
[    0.000000] kvm-clock: Using msrs 4b564d01 and 4b564d00
[    0.000000] kvm-clock: cpu 0, msr 1:1ffef001, primary cpu clock
[    0.000000] kvm-clock: using sched offset of 3362955040 cycles
[    0.000000] clocksource: kvm-clock: mask: 0xffffffffffffffff max_cycles: 0x1cd42e4dffb, max_idle_ns: 881590591483 ns
[    0.000000] Zone ranges:
[    0.000000]   DMA      [mem 0x0000000000001000-0x0000000000ffffff]
[    0.000000]   DMA32    [mem 0x0000000001000000-0x00000000ffffffff]
[    0.000000]   Normal   [mem 0x0000000100000000-0x000000011fffffff]
[    0.000000]   Device   empty
[    0.000000] Movable zone start for each node
[    0.000000] Early memory node ranges
[    0.000000]   node   0: [mem 0x0000000000001000-0x000000000009efff]
[    0.000000]   node   0: [mem 0x0000000000100000-0x00000000dffeffff]
[    0.000000]   node   0: [mem 0x0000000100000000-0x000000011fffffff]
[    0.000000] Initmem setup node 0 [mem 0x0000000000001000-0x000000011fffffff]
[    0.000000] ACPI: PM-Timer IO Port: 0x4008
[    0.000000] IOAPIC[0]: apic_id 4, version 32, address 0xfec00000, GSI 0-23
[    0.000000] ACPI: INT_SRC_OVR (bus 0 bus_irq 0 global_irq 2 dfl dfl)
[    0.000000] ACPI: INT_SRC_OVR (bus 0 bus_irq 9 global_irq 9 low level)
[    0.000000] Using ACPI (MADT) for SMP configuration information
[    0.000000] smpboot: Allowing 4 CPUs, 0 hotplug CPUs
[    0.000000] PM: Registered nosave memory: [mem 0x00000000-0x00000fff]
[    0.000000] PM: Registered nosave memory: [mem 0x0009f000-0x0009ffff]
[    0.000000] PM: Registered nosave memory: [mem 0x000a0000-0x000effff]
[    0.000000] PM: Registered nosave memory: [mem 0x000f0000-0x000fffff]
[    0.000000] PM: Registered nosave memory: [mem 0xdfff0000-0xdfffffff]
[    0.000000] PM: Registered nosave memory: [mem 0xe0000000-0xfebfffff]
[    0.000000] PM: Registered nosave memory: [mem 0xfec00000-0xfec00fff]
[    0.000000] PM: Registered nosave memory: [mem 0xfec01000-0xfedfffff]
[    0.000000] PM: Registered nosave memory: [mem 0xfee00000-0xfee00fff]
[    0.000000] PM: Registered nosave memory: [mem 0xfee01000-0xfffbffff]
[    0.000000] PM: Registered nosave memory: [mem 0xfffc0000-0xffffffff]
[    0.000000] e820: [mem 0xe0000000-0xfebfffff] available for PCI devices
[    0.000000] Booting paravirtualized kernel on KVM
[    0.000000] clocksource: refined-jiffies: mask: 0xffffffff max_cycles: 0xffffffff, max_idle_ns: 7645519600211568 ns
[    0.000000] setup_percpu: NR_CPUS:512 nr_cpumask_bits:512 nr_cpu_ids:4 nr_node_ids:1
[    0.000000] PERCPU: Embedded 34 pages/cpu @ffff88011fc00000 s99608 r8192 d31464 u524288
[    0.000000] PV qspinlock hash table entries: 256 (order: 0, 4096 bytes)
[    0.000000] Built 1 zonelists in Node order, mobility grouping on.  Total pages: 1032056
[    0.000000] Policy zone: Normal
[    0.000000] Kernel command line: BOOT_IMAGE=/boot/vmlinuz-4.4.0-138-generic root=LABEL=cloudimg-rootfs ro console=tty1 console=ttyS0
[    0.000000] PID hash table entries: 4096 (order: 3, 32768 bytes)
[    0.000000] Memory: 4027944K/4193848K available (8563K kernel code, 1314K rwdata, 4004K rodata, 1528K init, 1316K bss, 165904K reserved, 0K cma-reserved)
[    0.000000] SLUB: HWalign=64, Order=0-3, MinObjects=0, CPUs=4, Nodes=1
[    0.000000] Kernel/User page tables isolation: enabled
[    0.000000] Hierarchical RCU implementation.
[    0.000000] 	Build-time adjustment of leaf fanout to 64.
[    0.000000] 	RCU restricting CPUs from NR_CPUS=512 to nr_cpu_ids=4.
[    0.000000] RCU: Adjusting geometry for rcu_fanout_leaf=64, nr_cpu_ids=4
[    0.000000] NR_IRQS:33024 nr_irqs:456 16
[    0.000000] Console: colour VGA+ 80x25
[    0.000000] console [tty1] enabled
[    0.000000] console [ttyS0] enabled
[    0.000000] tsc: Detected 2592.000 MHz processor
[    0.184527] Calibrating delay loop (skipped) preset value.. 5184.00 BogoMIPS (lpj=10368000)
[    0.186151] pid_max: default: 32768 minimum: 301
[    0.187028] ACPI: Core revision 20150930
[    0.188702] ACPI: 2 ACPI AML tables successfully acquired and loaded
[    0.189974] Security Framework initialized
[    0.190768] Yama: becoming mindful.
[    0.191530] AppArmor: AppArmor initialized
[    0.192956] Dentry cache hash table entries: 524288 (order: 10, 4194304 bytes)
[   0.195612] Inode-cache hash table entries: 262144 (order: 9, 2097152 bytes)
[    0.208821] Mount-cache hash table entries: 8192 (order: 4, 65536 bytes)
[    0.209985] Mountpoint-cache hash table entries: 8192 (order: 4, 65536 bytes)
[    0.211874] Initializing cgroup subsys io
[    0.212683] Initializing cgroup subsys memory
[    0.213525] Initializing cgroup subsys devices
[    0.214375] Initializing cgroup subsys freezer
[    0.224165] Initializing cgroup subsys net_cls
[    0.225074] Initializing cgroup subsys perf_event
[    0.226002] Initializing cgroup subsys net_prio
[    0.226938] Initializing cgroup subsys hugetlb
[    0.227926] Initializing cgroup subsys pids
[    0.229909] mce: CPU supports 0 MCE banks
[    0.230799] Last level iTLB entries: 4KB 64, 2MB 8, 4MB 8
[    0.232816] Last level dTLB entries: 4KB 64, 2MB 0, 4MB 0, 1GB 4
[    0.233846] Spectre V2 : Mitigation: Full generic retpoline
[    0.234823] Spectre V2 : Spectre v2 mitigation: Speculation control IBPB not-supported IBRS not-supported
[    0.236389] Spectre V2 : Spectre v2 / SpectreRSB mitigation: Filling RSB on context switch
[    0.238146] Speculative Store Bypass: Vulnerable
[    0.241352] Freeing SMP alternatives memory: 32K
[    0.252081] ftrace: allocating 32278 entries in 127 pages
[    0.303409] smpboot: APIC(0) Converting physical 0 to logical package 0
[    0.304657] smpboot: Max logical packages: 1
[    0.305732] x2apic enabled
[    0.306548] Switched APIC routing to physical x2apic.
[    0.308593] ..TIMER: vector=0x30 apic1=0 pin1=2 apic2=-1 pin2=-1
[    0.415929] smpboot: CPU0: Intel(R) Core(TM) i7-6500U CPU @ 2.50GHz (family: 0x6, model: 0x4e, stepping: 0x3)
[    0.417921] Performance Events: unsupported p6 CPU model 78 no PMU driver, software events only.
[    0.419693] KVM setup paravirtual spinlock
[    0.421240] x86: Booting SMP configuration:
[    0.422063] .... node  #0, CPUs:      #1
[    0.422977] kvm-clock: cpu 1, msr 1:1ffef041, secondary cpu clock
[    0.425302] mce: CPU supports 0 MCE banks
[    0.427828]  #2
[    0.428357] kvm-clock: cpu 2, msr 1:1ffef081, secondary cpu clock
[    0.430672] mce: CPU supports 0 MCE banks
[    0.433168]  #3
[    0.433644] kvm-clock: cpu 3, msr 1:1ffef0c1, secondary cpu clock
[    0.435989] mce: CPU supports 0 MCE banks
[    0.438423] x86: Booted up 1 node, 4 CPUs
[    0.439408] smpboot: Total of 4 processors activated (20736.00 BogoMIPS)
[    0.442171] devtmpfs: initialized
[    0.445384] evm: security.selinux
[    0.446102] evm: security.SMACK64
[    0.446856] evm: security.SMACK64EXEC
[    0.447601] evm: security.SMACK64TRANSMUTE
[    0.448463] evm: security.SMACK64MMAP
[    0.449209] evm: security.ima
[    0.449900] evm: security.capability
[    0.450894] clocksource: jiffies: mask: 0xffffffff max_cycles: 0xffffffff, max_idle_ns: 7645041785100000 ns
[    0.452789] futex hash table entries: 1024 (order: 4, 65536 bytes)
[    0.466034] pinctrl core: initialized pinctrl subsystem
[    0.472536] RTC time:  7:23:02, date: 11/15/18
[    0.473537] NET: Registered protocol family 16
[    0.483976] cpuidle: using governor ladder
[    0.499838] cpuidle: using governor menu
[    0.500701] PCCT header not found.
[    0.501566] ACPI: bus type PCI registered
[    0.502425] acpiphp: ACPI Hot Plug PCI Controller Driver version: 0.5
[    0.503762] PCI: Using configuration type 1 for base access
[    0.516774] ACPI: Added _OSI(Module Device)
[    0.517807] ACPI: Added _OSI(Processor Device)
[    0.518895] ACPI: Added _OSI(3.0 _SCP Extensions)
[    0.520020] ACPI: Added _OSI(Processor Aggregator Device)
[    0.527263] ACPI: Executed 1 blocks of module-level executable AML code
[    0.530962] ACPI: Interpreter enabled
[    0.531780] ACPI: (supports S0 S5)
[    0.532531] ACPI: Using IOAPIC for interrupt routing
[    0.536245] PCI: Using host bridge windows from ACPI; if necessary, use "pci=nocrs" and report a bug
[    0.541094] ACPI: PCI Root Bridge [PCI0] (domain 0000 [bus 00-ff])
[    0.542095] acpi PNP0A03:00: _OSC: OS supports [ASPM ClockPM Segments MSI]
[    0.543241] acpi PNP0A03:00: _OSC: not requesting OS control; OS requires [ExtendedConfig ASPM ClockPM MSI]
[    0.544921] acpi PNP0A03:00: fail to add MMCONFIG information, can't access extended PCI configuration space under this bridge.
[    0.547075] PCI host bridge to bus 0000:00
[    0.556650] pci_bus 0000:00: root bus resource [io  0x0000-0x0cf7 window]
[    0.557782] pci_bus 0000:00: root bus resource [io  0x0d00-0xffff window]
[    0.558915] pci_bus 0000:00: root bus resource [mem 0x000a0000-0x000bffff window]
[    0.560342] pci_bus 0000:00: root bus resource [mem 0xe0000000-0xfdffffff window]
[    0.561681] pci_bus 0000:00: root bus resource [bus 00-ff]
[    0.564081] pci 0000:00:01.1: legacy IDE quirk: reg 0x10: [io  0x01f0-0x01f7]
[    0.565256] pci 0000:00:01.1: legacy IDE quirk: reg 0x14: [io  0x03f6]
[    0.566320] pci 0000:00:01.1: legacy IDE quirk: reg 0x18: [io  0x0170-0x0177]
[    0.567464] pci 0000:00:01.1: legacy IDE quirk: reg 0x1c: [io  0x0376]
[    0.610936] pci 0000:00:07.0: quirk: [io  0x4000-0x403f] claimed by PIIX4 ACPI
[    0.620837] pci 0000:00:07.0: quirk: [io  0x4100-0x410f] claimed by PIIX4 SMB
[    0.636006] ACPI: PCI Interrupt Link [LNKA] (IRQs 5 9 10 *11)
[    0.665392] ACPI: PCI Interrupt Link [LNKB] (IRQs 5 9 *10 11)
[    0.666886] ACPI: PCI Interrupt Link [LNKC] (IRQs 5 *9 10 11)
[    0.668429] ACPI: PCI Interrupt Link [LNKD] (IRQs 5 9 10 *11)
[    0.669932] ACPI: Enabled 2 GPEs in block 00 to 07
[    0.671429] vgaarb: setting as boot device: PCI:0000:00:02.0
[    0.672517] vgaarb: device added: PCI:0000:00:02.0,decodes=io+mem,owns=io+mem,locks=none
[    0.682770] vgaarb: loaded
[    0.683382] vgaarb: bridge control possible 0000:00:02.0
[    0.684514] SCSI subsystem initialized
[    0.685415] ACPI: bus type USB registered
[    0.686234] usbcore: registered new interface driver usbfs
[    0.687168] usbcore: registered new interface driver hub
[    0.688134] usbcore: registered new device driver usb
[    0.689265] PCI: Using ACPI for IRQ routing
[    0.690292] NetLabel: Initializing
[    0.691034] NetLabel:  domain hash size = 128
[    0.691844] NetLabel:  protocols = UNLABELED CIPSOv4
[    0.692726] NetLabel:  unlabeled traffic allowed by default
[    0.693795] amd_nb: Cannot enumerate AMD northbridges
[    0.694695] clocksource: Switched to clocksource kvm-clock
[    0.702622] AppArmor: AppArmor Filesystem Enabled
[    0.703730] pnp: PnP ACPI init
[    0.705074] pnp: PnP ACPI: found 3 devices
[   0.49] ocoue:cppm mask: 0xfffff max_cycles: 0xffffff, max_idle_ns: 2085701024 ns
[    1.098734] NET: Registered protocol family 2
[    1.099746] TCP established hash table entries: 32768 (order: 6, 262144 bytes)
[    1.101162] TCP bind hash table entries: 32768 (order: 7, 524288 bytes)
[    1.102702] TCP: Hash tables configured (established 32768 bind 32768)
[    1.103859] UDP hash table entries: 2048 (order: 4, 65536 bytes)
[    1.104858] UDP-Lite hash table entries: 2048 (orde 4656 te
  1.77] T:egtered potolamy 
[  1323]ci00000.0: Limiting direc P/P transfers
[    2.262800] pci 0000:00:01.0: Activating ISA DMA hang workarounds
[    2.263956] Unpacking initramfs...

[    2.459541] Freeing initrd memory: 14800K
[    2.577362] PCI-DMA: Using software bounce buffering for IO (SWIOTLB)
[    2.767724] software IO TLB [mem 0xdbff0000-0xdfff0000] (64MB) mapped at [ffff8800dbff0000-ffff8800dffeffff]
[    3.065376] platform rtc_cmos: registered platform RTC device (no PNP device found)
[    3.066992] Scanning for low memory corruption every 60 seconds
[    3.068657] audit: initializing netlink subsys (disabled)
[    3.069685] audit: type=2000 audit(1542266589.845:1): initialized
[    3.071200] Initialise system trusted keyring
[    3.072316] HugeTLB registered 2 MB page size, pre-allocated 0 pages
[    3.074693] zbud: loaded
[    3.075722] VFS: Disk quotas dquot_6.6.0
[    3.076561] VFS: Dquot-cache hash table entries: 512 (order 0, 4096 bytes)
[    3.077998] squashfs: version 4.0 (2009/01/31) Phillip Lougher
[    3.079381] fuse init (API version 7.23)
[    3.080409] Key type big_key registered
[    3.081394] Allocating IMA MOK and blacklist keyrings.
[    3.084266] Key type asymmetric registered
[    3.100824] Asymmetric key parser 'x509' registered
[    3.101714] Block layer SCSI generic (bsg) driver version 0.4 loaded (major 249)
[    3.103245] io scheduler noop registered
[    3.104003] io scheduler deadline registered (default)
[    3.116166] io scheduler cfq registered
[    3.117374] pci_hotplug: PCI Hot Plug PCI Core version: 0.5
[    3.133599] pciehp: PCI Express Hot Plug Controller Driver version: 0.4
[    3.134909] ACPI: AC Adapter [AC] (on-line)
[    3.135858] input: Power Button as /devices/LNXSYSTM:00/LNXPWRBN:00/input/input0
[    3.137273] ACPI: Power Button [PWRF]
[    3.138052] input: Sleep Button as /devices/LNXSYSTM:00/LNXSLPBN:00/input/input1
[    3.140650] ACPI: Sleep Button [SLPF]
[    3.142274] ACPI: Battery Slot [BAT0] (battery present)
[    3.144422] GHES: HEST is not enabled!
[    3.145290] Serial: 8250/16550 driver, 32 ports, IRQ sharing enabled
[    3.168402] 00:02: ttyS0 at I/O 0x3f8 (irq = 4, base_baud = 115200) is a 16550A
[    3.170897] Linux agpgart interface v0.103
[    3.173974] loop: module loaded
[    3.175353] scsi host0: ata_piix
[    3.176318] scsi host1: ata_piix
[    3.177032] ata1: PATA max UDMA/33 cmd 0x1f0 ctl 0x3f6 bmdma 0xd000 irq 14
[    3.178299] ata2: PATA max UDMA/33 cmd 0x170 ctl 0x376 bmdma 0xd008 irq 15
[    3.184858] libphy: Fixed MDIO Bus: probed
[    3.191128] tun: Universal TUN/TAP device driver, 1.6
[    3.192127] tun: (C) 1999-2004 Max Krasnyansky <maxk@qualcomm.com>
[    3.193166] PPP generic driver version 2.4.2
[    3.193979] ehci_hcd: USB 2.0 'Enhanced' Host Controller (EHCI) Driver
[    3.195045] ehci-pci: EHCI PCI platform driver
[    3.195907] ehci-platform: EHCI generic platform driver
[    3.202218] ohci_hcd: USB 1.1 'Open' Host Controller (OHCI) Driver
[    3.203356] ohci-pci: OHCI PCI platform driver
[    3.204255] ohci-platform: OHCI generic platform driver
[    3.258050] uhci_hcd: USB Universal Host Controller Interface driver
[    3.264377] i8042: PNP: PS/2 Controller [PNP0303:PS2K,PNP0f03:PS2M] at 0x60,0x64 irq 1,12
[    3.266264] serio: i8042 KBD port at 0x60,0x64 irq 1
[    3.267160] serio: i8042 AUX port at 0x60,0x64 irq 12
[    3.268161] mousedev: PS/2 mouse device common for all mice
[    3.269575] input: AT Translated Set 2 keyboard as /devices/platform/i8042/serio0/input/input2
[    3.271254] rtc_cmos rtc_cmos: rtc core: registered rtc_cmos as rtc0
[    3.272338] rtc_cmos rtc_cmos: alarms up to one day, 114 bytes nvram
[    3.273395] i2c /dev entries driver
[    3.274131] device-mapper: uevent: version 1.0.3
[    3.275120] device-mapper: ioctl: 4.34.0-ioctl (2015-10-28) initialised: dm-devel@redhat.com
[    3.276759] ledtrig-cpu: registered to indicate activity on CPUs
[    3.278435] NET: Registered protocol family 10
[    3.279542] NET: Registered protocol family 17
[    3.280436] Key type dns_resolver registered
[    3.323819] registered taskstats version 1
[    3.400465] Loading compiled-in X.509 certificates
[    3.408333] Loaded X.509 cert 'Build time autogenerated kernel key: 9a104bc44b81e9426fe5c715e47d021d02d69eba'
[    3.410044] zswap: loaded using pool lzo/zbud
[    3.412553] Key type trusted registered
[    3.416517] Key type encrypted registered
[    3.441813] AppArmor: AppArmor sha1 policy hashing enabled
[    3.442801] ima: No TPM chip found, activating TPM-bypass!
[    3.443735] ima: Allocated hash algorithm: sha1
[    3.444564] evm: HMAC attrs: 0x1
[    3.445524]   Magic number: 10:720:369
[    3.446337] rtc_cmos rtc_cmos: setting system clock to 2018-11-15 07:23:05 UTC (1542266585)
[    3.447953] BIOS EDD facility v0.16 2004-Jun-25, 0 devices found
[    3.448913] EDD information not available.
[    3.450889] Freeing unused kernel memory: 1528K
[    3.470909] Write protecting the kernel read-only data: 14336k
[    3.802915] Freeing unused kernel memory: 1664K
[    3.804887] Freeing unused kernel memory: 92K
Loading, please wait...
starting version 229
[    3.817382] random: systemd-udevd: uninitialized urandom read (16 bytes read, 3 bits of entropy available)
[    3.818127] random: udevadm: uninitialized urandom read (16 bytes read, 3 bits of entropy available)
[    3.818151] random: udevadm: uninitialized urandom read (16 bytes read, 3 bits of entropy available)
[    3.828007] random: udevadm: uninitialized urandom read (16 bytes read, 3 bits of entropy available)
[    3.828048] random: udevadm: uninitialized urandom read (16 bytes read, 3 bits of entropy available)
[    3.828333] random: udevadm: uninitialized urandom read (16 bytes read, 3 bits of entropy available)
[    3.828377] random: udevadm: uninitialized urandom read (16 bytes read, 3 bits of entropy available)
[    3.828424] random: udevadm: uninitialized urandom read (16 bytes read, 3 bits of entropy available)
[    3.828466] random: udevadm: uninitialized urandom read (16 bytes read, 3 bits of entropy available)
[    3.828507] random: udevadm: uninitialized urandom read (16 bytes read, 3 bits of entropy available)
[    3.865787] Fusion MPT base driver 3.04.20
[    3.879556] Copyright (c) 1999-2008 LSI Corporation
[    3.881041] e1000: Intel(R) PRO/1000 Network Driver - version 7.3.21-k8-NAPI
[    3.882494] e1000: Copyright (c) 1999-2006 Intel Corporation.
[    3.899266] Fusion MPT SPI Host driver 3.04.20
[    3.902479] AVX2 version of gcm_enc/dec engaged.
[    3.903647] AES CTR mode by8 optimization enabled
[    4.062931] tsc: Refined TSC clocksource calibration: 2592.427 MHz
[    4.080040] clocksource: tsc: mask: 0xffffffffffffffff max_cycles: 0x255e4a604f4, max_idle_ns: 440795305545 ns
[    4.094171] input: ImExPS/2 Generic Explorer Mouse as /devices/platform/i8042/serio1/input/input4
[    4.535327] e1000 0000:00:03.0 eth0: (PCI:33MHz:32-bit) 02:d4:8a:2a:0f:ed
[    4.539028] e1000 0000:00:03.0 eth0: Intel(R) PRO/1000 Network Connection
[    4.545441] e1000 0000:00:03.0 enp0s3: renamed from eth0
[    4.545855] mptbase: ioc0: Initiating bringup
[    4.607281] ioc0: LSI53C1030 A0: Capabilities={Initiator}
[    4.778012] scsi host2: ioc0: LSI53C1030 A0, FwRev=00000000h, Ports=1, MaxQ=256, IRQ=20
[    4.896435] scsi 2:0:0:0: Direct-Access     VBOX     HARDDISK         1.0  PQ: 0 ANSI: 5
[    4.915154] scsi target2:0:0: Beginning Domain Validation
[    4.925300] scsi target2:0:0: Domain Validation skipping write tests
[    4.928874] scsi target2:0:0: Ending Domain Validation
[    4.931652] scsi target2:0:0: asynchronous
[    4.934596] scsi 2:0:1:0: Direct-Access     VBOX     HARDDISK         1.0  PQ: 0 ANSI: 5
[    4.937574] scsi target2:0:1: Beginning Domain Validation
[    4.941003] scsi target2:0:1: Domain Validation skipping write tests
[    4.942743] scsi target2:0:1: Ending Domain Validation
[    4.944334] scsi target2:0:1: asynchronous
[    4.952043] sd 2:0:0:0: [sda] 20971520 512-byte logical blocks: (10.7 GB/10.0 GiB)
[    4.952082] sd 2:0:0:0: Attached scsi generic sg0 type 0
[    5.172389] sd 2:0:0:0: [sda] Write Protect is off
[    5.173324] sd 2:0:1:0: Attached scsi generic sg1 type 0
[    5.173396] sd 2:0:0:0: [sda] Incomplete mode parameter data
[    5.173398] sd 2:0:0:0: [sda] Assuming drive cache: write through
[    5.201898]  sda: sda1
[    5.202540] sd 2:0:0:0: [sda] Attached SCSI disk
[    5.303478] sd 2:0:1:0: [sdb] 20480 512-byte logical blocks: (10.5 MB/10.0 MiB)
[    5.303768] sd 2:0:1:0: [sdb] Write Protect is off
[    5.303892] sd 2:0:1:0: [sdb] Incomplete mode parameter data
[    5.303893] sd 2:0:1:0: [sdb] Assuming drive cache: write through
[    5.336067] sd 2:0:1:0: [sdb] Attached SCSI disk
Begin: Loading e[    6.722253] md: linear personality registered for level -1
ssential drivers ... [    6.733926] md: multipath personality registered for level -4
[    6.737159] md: raid0 personality registered for level 0
[    6.740606] md: raid1 personality registered for level 1
[    6.810731] raid6: sse2x1   gen() 10535 MB/s
[    6.886769] raid6: sse2x1   xor()  7931 MB/s
[    6.954767] raid6: sse2x2   gen() 13037 MB/s
[    7.022761] raid6: sse2x2   xor()  9024 MB/s
[    7.090716] raid6: sse2x4   gen() 14738 MB/s
[    7.158759] raid6: sse2x4   xor()  9915 MB/s
[    7.226761] raid6: avx2x1   gen() 21054 MB/s
[    7.294803] raid6: avx2x2   gen() 23926 MB/s
[    7.362762] raid6: avx2x4   gen() 26647 MB/s
[    7.363666] raid6: using algorithm avx2x4 gen() 26647 MB/s
[    7.364664] raid6: using avx2x2 recovery algorithm
[    7.366745] xor: automatically using best checksumming function:
[    7.431170]    avx       : 55473.000 MB/sec
[    7.460191] async_tx: api initialized (async)
[    7.468274] md: raid6 personality registered for level 6
[    7.469364] md: raid5 personality registered for level 5
[    7.470383] md: raid4 personality registered for level 4
[    7.476043] md: raid10 personality registered for level 10
done.
Begin: Running /scripts/init-premount ... done.
Begin: Mounting root file system ... Begin: Running /scripts/local-top ... done.
Begin: Running /scripts/local-premount ... [    7.503129] Btrfs loaded
Scanning for Btrfs filesystems
done.
Warning: fsck not present, so skipping root file system
[    7.567210] EXT4-fs (sda1): mounted filesystem with ordered data mode. Opts: (null)
done.
Begin: Running /scripts/local-bottom ... done.
Begin: Running /scripts/init-bottom ... done.
[    8.187138] systemd[1]: systemd 229 running in system mode. (+PAM +AUDIT +SELINUX +IMA +APPARMOR +SMACK +SYSVINIT +UTMP +LIBCRYPTSETUP +GCRYPT +GNUTLS +ACL +XZ -LZ4 +SECCOMP +BLKID +ELFUTILS +KMOD -IDN)
[    8.197831] systemd[1]: Detected virtualization oracle.
[    8.201225] systemd[1]: Detected architecture x86-64.

Welcome to [1mUbuntu 16.04.5 LTS[0m!

[    8.250960] systemd[1]: Set hostname to <ubuntu>.
[    8.269659] systemd[1]: Initializing machine ID from random generator.
[    8.273292] systemd[1]: Installed transient /etc/machine-id file.
[    8.554277] random: nonblocking pool is initialized
[    8.949268] systemd[1]: Listening on LVM2 metadata daemon socket.
[[0;32m  OK  [0m] Listening on LVM2 metadata daemon socket.
[    8.980041] systemd[1]: Created slice User and Session Slice.
[[0;32m  OK  [0m] Created slice User and Session Slice.
[    8.987190] systemd[1]: Created slice System Slice.
[[0;32m  OK  [0m] Created slice System Slice.
[    8.993514] systemd[1]: Created slice system-serial\x2dgetty.slice.
[[0;32m  OK  [0m] Created slice system-serial\x2dgetty.slice.
[    9.000375] systemd[1]: Listening on Syslog Socket.
[[0;32m  OK  [0m] Listening on Syslog Socket.
[    9.006004] systemd[1]: Reached target Encrypted Volumes.
[[0;32m  OK  [0m] Reached target Encrypted Volumes.
[    9.011739] systemd[1]: Reached target System Time Synchronized.
[[0;32m  OK  [0m] Reached target System Time Synchronized.
[    9.016112] systemd[1]: Reached target User and Group Name Lookups.
[[0;32m  OK  [0m] Reached target User and Group Name Lookups.
[    9.019659] systemd[1]: Listening on udev Kernel Socket.
[[0;32m  OK  [0m] Listening on udev Kernel Socket.
[    9.075286] systemd[1]: Started Forward Password Requests to Wall Directory Watch.
[[0;32m  OK  [0m] Started Forward Password Requests to Wall Directory Watch.
[    9.080207] systemd[1]: Listening on LVM2 poll daemon socket.
[[0;32m  OK  [0m] Listening on LVM2 poll daemon socket.
[    9.084123] systemd[1]: Listening on Journal Audit Socket.
[[0;32m  OK  [0m] Listening on Journal Audit Socket.
[    9.087635] systemd[1]: Reached target Slices.
[[0;32m  OK  [0m] Reached target Slices.
[    9.090569] systemd[1]: Listening on Device-mapper event daemon FIFOs.
[[0;32m  OK  [0m] Listening on Device-mapper event daemon FIFOs.
[    9.094309] systemd[1]: Listening on /dev/initctl Compatibility Named Pipe.
[[0;32m  OK  [0m] Listening on /dev/initctl Compatibility Named Pipe.
[    9.098240] systemd[1]: Listening on udev Control Socket.
[[0;32m  OK  [0m] Listening on udev Control Socket.
[    9.101540] systemd[1]: Reached target Swap.
[[0;32m  OK  [0m] Reached target Swap.
[    9.104366] systemd[1]: Started Trigger resolvconf update for networkd DNS.
[[0;32m  OK  [0m] Started Trigger resolvconf update for networkd DNS.
[    9.108461] systemd[1]: Set up automount Arbitrary Executable File Formats File System Automount Point.
[[0;32m  OK  [0m] Set up automount Arbitrary Executab...ats File System Automount Point.
[    9.112996] systemd[1]: Listening on Journal Socket (/dev/log).
[[0;32m  OK  [0m] Listening on Journal Socket (/dev/log).
[    9.115790] systemd[1]: Listening on Journal Socket.
[[0;32m  OK  [0m] Listening on Journal Socket.
[    9.135150] systemd[1]: Starting Remount Root and Kernel File Systems...
         Starting Remount Root and Kernel File Systems...
[    9.166067] systemd[1]: Starting Nameserver information manager...
         Startin[    9.186940] EXT4-fs (sda1): re-mounted. Opts: (null)
g Nameserver information manager...
[    9.231289] systemd[1]: Mounting Huge Pages File System...
         Mounting Huge Pages File System...
[    9.279012] systemd[1]: Mounting POSIX Message Queue File System...
         Mounting POSIX Message Queue File System...
[    9.289874] systemd[1]: Starting Journal Service...
         Starting Journal Service...
[    9.348156] systemd[1]: Starting Create list of required static device nodes for the current kernel...
         Starting Create list of required st... nodes for the current kernel...
[    9.369846] systemd[1]: Starting Set console keymap...
         Starting Set console keymap...
[    9.372237] systemd[1]: Starting Monitoring of LVM2 mirrors, snapshots etc. using dmeventd or progress polling...
         Starting Monitoring of LVM2 mirrors... dmeventd or progress polling...
[    9.395097] systemd[1]: Starting Uncomplicated firewall...
         Starting Uncomplicated firewall...
[    9.444260] systemd[1]: Mounting Debug File System...
         Mounting Debug File System...
[    9.483120] systemd[1]: Starting Load Kernel Modules...
         Starting Load Kernel Modules...
[    9.494977] systemd[1]: Mounted Debug File System.
[[0;32m  OK  [0m] Mounted Debug File System.
[    9.532316] systemd[1]: Mounted POSIX Message Queue File System.
[[0;32m  OK  [0m] Mounted POSIX Message Queue File System.
[    9.534309] systemd[1]: Mounted Huge Pages File System.
[[0;32m  OK  [0m] Mounted Huge Pages File System.
[    9.536239] systemd[1]: Started Journal Service.
[[0;32m  OK  [0m] Started Journal Service.
[[0;32m  OK  [0m] Started Remount Root and Kernel File Systems.
[[0;32m  OK  [0m] Started Create list of required sta...ce nodes for the current kernel.
[[0;32m  OK  [0m] Started Set console keymap.
[[0;32m  OK  [0m] Started Uncomplicated firewall.
[    9.564714] Loading iSCSI transport class v2.0-870.
         Starting Create Static Device Nodes in /dev...
[    9.623975] iscsi: registered transport (tcp)
         Starting udev Coldplug all Devices...
         Starting Load/Save Random Seed...
         Starting Flush Journal to Persistent Storage...
[[0;32m  OK  [0m] Started Nameserver information manager.
[[0;32m  OK  [0m] Started Load/Save Random Seed.
[[0;32m  OK  [0m] Started LVM2 metadata daemon.
[    9.778928] systemd-journald[398]: Received request to flush runtime journal from PID 1
[[0;32m  OK  [0m] Started udev Coldplug all Devices.
[[0;32m  OK  [0m] Started Flush Journal to Persistent Storage.[    9.840994] iscsi: registered transport (iser)

[[0;32m  OK  [0m] Started Load Kernel Modules.
         Mounting FUSE Control File System...
         Starting Apply Kernel Variables...
[[0;32m  OK  [0m] Mounted FUSE Control File System.
[[0;32m  OK  [0m] Started Create Static Device Nodes in /dev.
         Starting udev Kernel Device Manager...
[[0;32m  OK  [0m] Started Apply Kernel Variables.
[[0;32m  OK  [0m] Started udev Kernel Device Manager.
[[0;32m  OK  [0m] Started Dispatch Password Requests to Console Directory Watch.
[[0;32m  OK  [0m] Found device /dev/ttyS0.
[[0;32m  OK  [0m] Started Monitoring of LVM2 mirrors,...ng dmeventd or progress polling.
[[0;32m  OK  [0m] Listening on Load/Save RF Kill Switch Status /dev/rfkill Watch.
[[0;32m  OK  [0m] Reached target Local File Systems (Pre).
[[0;32m  OK  [0m] Reached target Local File Systems.
         Starting Set console font and keymap...
         Starting LSB: AppArmor initialization...
         Starting Initial cloud-init job (pre-networking)...
         Starting Create Volatile Files and Directories...
         Starting Tell Plymouth To Write Out Runtime Data...
         Starting Commit a transient machine-id on disk...
[[0;32m  OK  [0m] Started Create Volatile Files and Directories.
[[0;32m  OK  [0m] Started Tell Plymouth To Write Out Runtime Data.
         Starting Update UTMP about System Boot/Shutdown...
[[0;32m  OK  [0m] Started Commit a transient machine-id on disk.
[[0;32m  OK  [0m] Started Update UTMP about System Boot/Shutdown.
[[0;32m  OK  [0m] Started Set console font and keymap.
[[0;32m  OK  [0m] Created slice system-getty.slice.
[[0;32m  OK  [0m] Started LSB: AppArmor initialization.
[   13.894130] cloud-init[596]: Cloud-init v. 18.4-0ubuntu1~16.04.2 running 'init-local' at Thu, 15 Nov 2018 07:23:15 +0000. Up 13.34 seconds.
[[0;32m  OK  [0m] Started Initial cloud-init job (pre-networking).
[[0;32m  OK  [0m] Reached target Network (Pre).
         Starting Raise network interfaces...
[[0;32m  OK  [0m] Started Raise network interfaces.
         Starting Initial cloud-init job (metadata service crawler)...
[[0;32m  OK  [0m] Reached target Network.
[   16.682026] cloud-init[951]: Cloud-init v. 18.4-0ubuntu1~16.04.2 running 'init' at Thu, 15 Nov 2018 07:23:17 +0000. Up 15.02 seconds.
[   16.706506] cloud-init[951]: ci-info: +++++++++++++++++++++++++++++++++++++Net device info++++++++++++++++++++++++++++++++++++++
[   16.712964] cloud-init[951]: ci-info: +--------+------+---------------------------+---------------+--------+-------------------+
[   16.797302] [cloud-init[0;32m  OK  [0m[951]: ] ci-info: | Device |  Up  |          Address          |      Mask     | Scope  |     Hw-Address    |Started Initial cloud-init job (metadata service crawler).

[   16.798397] cloud-init[951]: ci-info: +--------+------+---------------------------+---------------+--------+-------------------+
[   16.814059] [cloud-init[0;32m  OK  [0m[951]: ] ci-info: | enp0s3 | True |         10.0.2.15         | 255.255.255.0 | global | 02:d4:8a:2a:0f:ed |Reached target Network is Online.

[   16.815217] cloud-init[951]: ci-info: | enp0s3 | True | fe80::d4:8aff:fe2a:fed/64 |       .       |  link  | 02:d4:8a:2a:0f:ed |
[   16.852691] cloud-init[951]: ci-info: |   lo   | True |         127.0.0.1         |   255.0.0.0   |  host  |         .         |
[   16.863314] cloud-init[951]: ci-info: |   lo   | True |          ::1/128          |       .       |  host  |         .         |
[   16.916962]          cloud-initStarting iSCSI initiator daemon (iscsid)...[951]: 
ci-info: +--------+------+---------------------------+---------------+--------+-------------------+
[   16.927282] [[0;32m  OK  [0m] Reached target Cloud-config availability.
cloud-init[951]: ci-info: +++++++++++++++++++++++++++Route IPv4 info++++++++++++++++++++++++++++
[[0;32m  OK  [0m] Reached target System Initialization.
[   16.936036] cloud-init[951]: ci-info: +-------+-------------+----------+---------------+-----------+-------+
[   16.947002]          Starting LXD - unix socket.
cloud-init[951]: ci-info: | Route | Destination | Gateway  |    Genmask    | Interface | Flags |
[   16.991133] [cloud-init[0;32m  OK  [0m[951]: ] ci-info: +-------+-------------+----------+---------------+-----------+-------+Started Daily apt download activities.

[   16.992233] [cloud-init[0;32m  OK  [0m[951]: ] ci-info: |   0   |   0.0.0.0   | 10.0.2.2 |    0.0.0.0    |   enp0s3  |   UG  |Listening on D-Bus System Message Bus Socket.

[[   17.000347] [0;32m  OK  [0mcloud-init] [951]: Listening on ACPID Listen Socket.ci-info: |   1   |   10.0.2.0  | 0.0.0.0  | 255.255.255.0 |   enp0s3  |   U   |

[   17.098232] [cloud-init[0;32m  OK  [0m[951]: ] ci-info: +-------+-------------+----------+---------------+-----------+-------+Listening on UUID daemon activation socket.

         [   17.099515] Starting Socket activation for snappy daemon.cloud-init
[951]: ci-info: +++++++++++++++++++Route IPv6 info+++++++++++++++++++
[   17.110646] [cloud-init[0;32m  OK  [0m[951]: ] ci-info: +-------+-------------+---------+-----------+-------+Started Daily Cleanup of Temporary Directories.

[   17.111100] cloud-init[951]: ci-info: | Route | Destination | Gateway | Interface | Flags |
[   17.138949] [cloud-init[0;32m  OK  [0m[951]: ] ci-info: +-------+-------------+---------+-----------+-------+Started ACPI Events Check.

[   17.139975] [cloud-init[0;32m  OK  [0m[951]: ] ci-info: |   0   |  fe80::/64  |    ::   |   enp0s3  |   U   |Reached target Paths.

[   17.145878] [cloud-init[951]: [0;32m  OK  [0mci-info: |   3   |   ff00::/8  |    ::   |   enp0s3  |   U   |] 
Started Daily apt upgrade and clean activities.
[   17.150368] [cloud-init[951]: [0;32m  OK  [0mci-info: +-------+-------------+---------+-----------+-------+] 
Reached target Timers.
[   17.154593] cloud-init[951]: Generating public/private rsa key pair.
[   17.188646] [cloud-init[0;32m  OK  [0m[951]: ] Your identification has been saved in /etc/ssh/ssh_host_rsa_key.Listening on LXD - unix socket.

[[   17.188806] [0;32m  OK  [0mcloud-init] [951]: Listening on Socket activation for snappy daemon.Your public key has been saved in /etc/ssh/ssh_host_rsa_key.pub.

[   17.195532] cloud-init[951]: The key fingerprint is:
[   17.196982] cloud-init[951]: SHA256:9o+jQKHHBeXvRC9YNsK17EncfuBiXcM0Uiq3huqbRGA root@ubuntu-xenial
[   17.224468] [cloud-init[0;32m  OK  [0m[951]: ] The key's randomart image is:Reached target Sockets.

[[   17.224834] [0;32m  OK  [0mcloud-init] [951]: Reached target Basic System.+---[RSA 2048]----+

[   17.237808] cloud-init[951]: |      ... . ..+  |
[   17.239329] cloud-init[951]: |       + + o = . |
[   17.240803] cloud-init[951]: |      E = @ = +  |
[   17.242229] cloud-init[951]: |     + + X @ + . |
[   17.243649] cloud-init[951]: |    . + S X B .  |
[   17.245174] cloud-init[951]: |     o o * + .   |
[   17.246597] cloud-init[951]: |      . o o      |
[   17.248018] cloud-init[951]: |       + ..o     |
[   17.255046]          cloud-initStarting /etc/rc.local Compatibility...[951]: 
|        =o...    |
[   17.260868]          cloud-initStarting Virtualbox guest utils...[951]: 
+----[SHA256]-----+
[   17.265654] cloud-init[951]: Generating public/private dsa key pair.
[   17.292442] [cloud-init[0;32m  OK  [0m[951]: ] Your identification has been saved in /etc/ssh/ssh_host_dsa_key.Started ACPI event daemon.

[   17.292920] cloud-init[951]: Your public key has been saved in /etc/ssh/ssh_host_dsa_key.pub.
[   17.309373] cloud-init[951]: The key fingerprint is:
[   17.328941]          cloud-initStarting System Logging Service...[951]: 
SHA256:ZVkP+LvjsyKTVDIk77kop6WvN9tjSyDmq4aIoYTV/UE root@ubuntu-xenial
[   17.375341]          Starting Accounts Service...
cloud-init[951]: The key's randomart image is:
[   17.381320] cloud-init[951]: +---[DSA 1024]----+
[   17.388443] cloud-init[951]: |           .o    |
[   17.393484] cloud-init[951]: |      . E .o o   |
[   17.405377]          cloud-initStarting Pollinate to seed the pseudo random number generator...[951]: 
|   . . =  +.  .  |
[   17.430087]          Starting LSB: MD monitoring daemon...
cloud-init[951]: |  . . . =o. .    |[
[0;32m  OK  [0m] Started Unattended Upgrades Shutdown.
[   17.432672] cloud-init[951]: |..  o .oS*   .   |
[   17.480934]          cloud-initStarting Login Service...[951]: 
|o. o . .=   .    |
[   17.496283] [[0;32m  OK  [0mcloud-init] [951]: Started Deferred execution scheduler.|=o  . .o.o   .   |

[   17.516900] [cloud-init[0;32m  OK  [0m[951]: ] |= . .+=oB . +    |Started D-Bus System Message Bus.

[   17.517877] cloud-init[951]: | ...=Bo+o= oo+   |
[   17.540836] cloud-init[951]: +----[SHA256]-----+
[   17.544439] cloud-init[951]: Generating public/private ecdsa key pair.
[   17.554044] cloud-init[951]: Your identification has been saved in /etc/ssh/ssh_host_ecdsa_key.
[   17.560248] cloud-init[951]: Your public key has been saved in /etc/ssh/ssh_host_ecdsa_key.pub.
[   17.565681] cloud-init[951]: The key fingerprint is:
[   17.580874] cloud-init[951]: SHA256:G2FzNQrcRJVHNHPFfIPWy1EkbOS+ikvoyfHG8h0OA9E root@ubuntu-xenial
[   17.611800] cloud-init[951]: The key's randomart image is:
[   17.615309] cloud-init[951]: +---[ECDSA 256]---+
[   17.618678] cloud-init[951]: |       ..+o.+*X+B|
[   17.631420] cloud-init[951]: |        .o.o.=+O+|
[   17.635311] cloud-init[951]: |        = E .oo =|
[   17.639057] cloud-init[951]: |       . =   . o |
[   17.671649] cloud-init[951]: |        S     .  |
[   17.681412] cloud-init[951]: |         =     . |
[   17.692823] cloud-init[951]: |        +.+ . .  |
[   17.696552] cloud-init[951]: |       o.=o* o   |
[   17.724800] cloud-init[951]: |        ++=.+    |
[   17.755029] cloud-init[951]: +----[SHA256]-----+
[   17.759260] cloud-init[951]: Generating public/private ed25519 key pair.
[   17.773260] cloud-init[951]: Your identification has been saved in /etc/ssh/ssh_host_ed25519_key.
[   17.778526] cloud-init[951]: Your public key has been saved in /etc/ssh/ssh_host_ed25519_key.pub.
[   17.783425] cloud-init[951]: The key fingerprint is:
[   17.813875]          cloud-initStarting Snappy daemon...[951]: 
SHA256:WkBoecgYVDqN2YFytu46Qru4DnaAy0EaIUq5yjRc2U0 root@ubuntu-xenial
[   17.820338] cloud-init[951]: The key's randomart image is:
[   17.823832] cloud-init[951]: +--[ED25519 256]--+
[   17.827066] cloud-init[951]: |oo+*=++E         |
[   17.830308] cloud-init[951]: |=o=O*+..         |
[   17.837522] cloud-init[951]: |+=Boo..          |
[   17.842146] cloud-init[951]: |+*..   .         |
[   17.845638] cloud-init[951]: |*+.     S        |
[   17.850612] cloud-init[951]: |o++    o         |
[   17.856174] cloud-init[951]: |++..  .          |
[   17.861048] cloud-init[951]: |*.o              |
[   17.867234] [cloud-init[0;32m  OK  [0m[951]: ] |**.              |Started Regular background program processing daemon.

[   17.872323] cloud-init[951]: +----[SHA256]-----+
         Starting LSB: Record successful boot for GRUB...
[[0;32m  OK  [0m] Started FUSE filesystem for LXC.
         Starting LXD - container startup/shutdown...
[[0;32m  OK  [0m] Started System Logging Service.
[[0;32m  OK  [0m] Started iSCSI initiator daemon (iscsid).
[[0;32m  OK  [0m] Started /etc/rc.local Compatibility.
[[0;32m  OK  [0m] Started Login Service.
         Starting Authenticate and Authorize Users to Run Privileged Tasks...
         Starting Login to default iSCSI targets...
[[0;32m  OK  [0m] Started LSB: Record successful boot for GRUB.
[[0;32m  OK  [0m] Started LSB: MD monitoring daemon.
[[0;32m  OK  [0m] Started Authenticate and Authorize Users to Run Privileged Tasks.
[[0;32m  OK  [0m] Started Accounts Service.
[[0;32m  OK  [0m] Started Login to default iSCSI targets.
[[0;32m  OK  [0m] Reached target Remote File Systems (Pre).
[[0;32m  OK  [0m] Reached target Remote File Systems.
         Starting LSB: automatic crash report generation...
         Starting LSB: Set the CPU Frequency Scaling governor to "ondemand"...
         Starting LSB: daemon to balance interrupts for SMP systems...
         Starting Permit User Sessions...
[[0;32m  OK  [0m] Started Permit User Sessions.
[[0;32m  OK  [0m] Started LSB: Set the CPU Frequency Scaling governor to "ondemand".
         Starting Hold until boot process finishes up...
         Starting Terminate Plymouth Boot Screen...
[[0;32m  OK  [0m] Started LSB: automatic crash report generation.
[[0;32m  OK  [0m] Started Hold until boot process finishes up.
[[0;32m  OK  [0m] Started Terminate Plymouth Boot Screen.
         Starting Set console scheme...
[[0;32m  OK  [0m] Started Getty on tty1.
[[0;32m  OK  [0m] Started Serial Getty on ttyS0.
[[0;32m  OK  [0m] Reached target Login Prompts.
[[0;32m  OK  [0m] Started LSB: daemon to balance interrupts for SMP systems.
[[0;32m  OK  [0m] Started Set console scheme.
[[0;32m  OK  [0m] Started Virtualbox guest utils.
[[0;32m  OK  [0m] Started LXD - container startup/shutdown.
[[0;32m  OK  [0m] Started Snappy daemon.
         Starting Wait until snapd is fully seeded...
[[0;32m  OK  [0m] Started Pollinate to seed the pseudo random number generator.
         Starting OpenBSD Secure Shell server...
[[0;32m  OK  [0m] Started OpenBSD Secure Shell server.
[[0;32m  OK  [0m] Created slice User Slice of vagrant.
         Starting User Manager for UID 1000...
[[0;32m  OK  [0m] Started Session 1 of user vagrant.
[[0;32m  OK  [0m] Started User Manager for UID 1000.

Ubuntu 16.04.5 LTS ubuntu-xenial ttyS0

ubuntu-xenial login: [   27.804260] cloud-init[1507]: Generating locales (this might take a while)...
[   28.628503] cloud-init[1507]:   en_US.UTF-8... done
[   28.630278] cloud-init[1507]: Generation complete.
[   29.765101] cloud-init[1507]: Cloud-init v. 18.4-0ubuntu1~16.04.2 running 'modules:config' at Thu, 15 Nov 2018 07:23:30 +0000. Up 27.64 seconds.
ci-info: no authorized ssh keys fingerprints found for user ubuntu.
<14>Nov 15 07:23:32 ec2: 
<14>Nov 15 07:23:32 ec2: #############################################################
<14>Nov 15 07:23:32 ec2: -----BEGIN SSH HOST KEY FINGERPRINTS-----
<14>Nov 15 07:23:32 ec2: 1024 SHA256:ZVkP+LvjsyKTVDIk77kop6WvN9tjSyDmq4aIoYTV/UE root@ubuntu-xenial (DSA)
<14>Nov 15 07:23:32 ec2: 256 SHA256:G2FzNQrcRJVHNHPFfIPWy1EkbOS+ikvoyfHG8h0OA9E root@ubuntu-xenial (ECDSA)
<14>Nov 15 07:23:32 ec2: 256 SHA256:WkBoecgYVDqN2YFytu46Qru4DnaAy0EaIUq5yjRc2U0 root@ubuntu-xenial (ED25519)
<14>Nov 15 07:23:32 ec2: 2048 SHA256:9o+jQKHHBeXvRC9YNsK17EncfuBiXcM0Uiq3huqbRGA root@ubuntu-xenial (RSA)
<14>Nov 15 07:23:32 ec2: -----END SSH HOST KEY FINGERPRINTS-----
<14>Nov 15 07:23:32 ec2: #############################################################
-----BEGIN SSH HOST KEY KEYS-----
ecdsa-sha2-nistp256 AAAAE2VjZHNhLXNoYTItbmlzdHAyNTYAAAAIbmlzdHAyNTYAAABBBJoDQP4kdyg3ybPJ1PUdwRBIxHSvcxK96Q7Uk/OwclqRoz+QOlWityvAXKN4EskKTxCAZvrme0cFpG/X7SZK6xs= root@ubuntu-xenial
ssh-ed25519 AAAAC3NzaC1lZDI1NTE5AAAAIERb8NwgT1hwXrnzgy4RLXhmjOHNLCG/kX5Z2jRi86jv root@ubuntu-xenial
ssh-rsa AAAAB3NzaC1yc2EAAAADAQABAAABAQCcDW7AhR5QWNWzsULZ3aTZzagNb23KWY7CeAX6JWnG4C3j7x1THkkOWjdeZMxsLkFiMicOiEVskA6FAd0Q5Ev4DB3+e0hF+TqeaMLRg5mcv1hr3CXSsHmYqDHmrdXldtQ1XbXLaPo1FGeOXJVgHA0KhoGqOBP6dx5golf90NTg0f+nDyHkY05UkHwBjWBtjbIgc9rT8Be17GjmCf8ZTYXAOg9YdInCBYEwrI2onTmbbCH9RjTCxyNH/EhKwGZ5TBmEMFGcgH5PI3b2lXHrMgCll9nJARwsJ99eXN0hn5iWUhJc36Y7gR27yLsXV8KiY9xY6Dc0Qsd9U4Y7odq76Ujv root@ubuntu-xenial
-----END SSH HOST KEY KEYS-----
[   30.176353] cloud-init[1662]: Cloud-init v. 18.4-0ubuntu1~16.04.2 running 'modules:final' at Thu, 15 Nov 2018 07:23:32 +0000. Up 30.05 seconds.
[   30.176549] cloud-init[1662]: ci-info: no authorized ssh keys fingerprints found for user ubuntu.
[   30.176704] cloud-init[1662]: Cloud-init v. 18.4-0ubuntu1~16.04.2 finished at Thu, 15 Nov 2018 07:23:32 +0000. Datasource DataSourceNoCloud [seed=/dev/sdb][dsmode=net].  Up 30.16 seconds
